<?xml version="1.0" encoding="UTF-8"?>
<!-- Generated by org.testng.reporters.JUnitReportReporter -->
<testsuite hostname="DESKTOP-C338N8J" name="gitTest.FirstGitTest" tests="1" failures="0" timestamp="13 Oct 2019 08:23:18 GMT" time="60.613" errors="0">
  <testcase name="logintest" time="60.613" classname="gitTest.FirstGitTest"/>
</testsuite> <!-- gitTest.FirstGitTest -->
